0 silly argv {
0 silly argv   _: [ 'create' ],
0 silly argv   lernaVersion: '4.0.0',
0 silly argv   '$0': 'D:\\nvm\\node_global\\node_modules\\lerna\\cli.js',
0 silly argv   name: 'checkbox-group'
0 silly argv }
1 notice cli v4.0.0
2 verbose rootPath D:\myElementPlus
3 warn ENOREMOTE No git remote found, skipping repository property
4 error Error: canceled
4 error     at Interface.<anonymous> (D:\myElementPlus\node_modules\read\lib\read.js:66:13)
4 error     at Interface.emit (node:events:517:28)
4 error     at [_ttyWrite] [as _ttyWrite] (node:internal/readline/interface:1132:18)
4 error     at ReadStream.onkeypress (node:internal/readline/interface:271:20)
4 error     at ReadStream.emit (node:events:517:28)
4 error     at emitKeys (node:internal/readline/utils:357:14)
4 error     at emitKeys.next (<anonymous>)
4 error     at ReadStream.onData (node:internal/readline/emitKeypressEvents:64:36)
4 error     at ReadStream.emit (node:events:517:28)
4 error     at addChunk (node:internal/streams/readable:335:12)
4 error     at readableAddChunk (node:internal/streams/readable:308:9)
4 error     at Readable.push (node:internal/streams/readable:245:10)
